<?xml version="1.0" encoding="UTF-8"?>
<!-- Generated by org.testng.reporters.JUnitReportReporter -->
<testsuite hostname="amm-rmz-007" failures="0" tests="1" name="MyTestCases.MyClass" time="0.316" errors="0" timestamp="2023-11-03T18:18:35 AST" skipped="0">
  <testcase classname="MyTestCases.MyClass" name="Login" time="0.316"/>
  <system-out/>
</testsuite> <!-- MyTestCases.MyClass -->
