<?xml version="1.0" encoding="UTF-8"?>
<!-- Generated by org.testng.reporters.JUnitReportReporter -->
<testsuite hostname="amm-rmz-007" failures="0" tests="1" name="classtwo" time="0.526" errors="0" timestamp="2023-11-18T15:53:22 AST" skipped="0">
  <testcase classname="classtwo" name="firsttestcase" time="0.526"/>
  <system-out/>
</testsuite> <!-- classtwo -->
