<?xml version="1.0" encoding="UTF-8"?>
<!-- Generated by org.testng.reporters.JUnitReportReporter -->
<testsuite hostname="amm-rmz-007" failures="0" tests="1" name="TestCases" time="0.588" errors="0" timestamp="2023-11-24T15:47:25 AST" skipped="0">
  <testcase classname="TestCases" name="Logintest" time="0.588"/>
  <system-out/>
</testsuite> <!-- TestCases -->
