<?xml version="1.0" encoding="UTF-8"?>
<!-- Generated by org.testng.reporters.JUnitReportReporter -->
<testsuite hostname="amm-rmz-007" failures="0" tests="2" name="almosafer.testcasesforalmmosafer" time="0.079" errors="0" timestamp="2023-11-24T19:45:22 AST" skipped="0">
  <testcase classname="almosafer.testcasesforalmmosafer" name="testthelanguage" time="0.044"/>
  <system-out/>
  <testcase classname="almosafer.testcasesforalmmosafer" name="testthecurrency" time="0.035"/>
  <system-out/>
</testsuite> <!-- almosafer.testcasesforalmmosafer -->
