<?xml version="1.0" encoding="UTF-8"?>
<!-- Generated by org.testng.reporters.JUnitReportReporter -->
<testsuite hostname="amm-rmz-007" failures="0" tests="1" name="MyTestCase" time="0.322" errors="0" timestamp="2023-11-06T15:22:55 AST" skipped="0">
  <testcase classname="MyTestCase" name="searchforlinkedin" time="0.322"/>
  <system-out/>
</testsuite> <!-- MyTestCase -->
